
  [4;36;1mSQL (0.4ms)[0m   [0;1m SELECT name
 FROM sqlite_master
 WHERE type = 'table' AND NOT name = 'sqlite_sequence'
[0m
  [4;35;1mSQL (0.2ms)[0m   [0mselect sqlite_version(*)[0m
  [4;36;1mSQL (1.4ms)[0m   [0;1mCREATE TABLE "schema_migrations" ("version" varchar(255) NOT NULL) [0m
  [4;35;1mSQL (1.2ms)[0m   [0mCREATE UNIQUE INDEX "unique_schema_migrations" ON "schema_migrations" ("version")[0m
  [4;36;1mSQL (0.2ms)[0m   [0;1m SELECT name
 FROM sqlite_master
 WHERE type = 'table' AND NOT name = 'sqlite_sequence'
[0m
  [4;35;1mSQL (0.1ms)[0m   [0mSELECT version FROM schema_migrations[0m
Migrating to CreateUsers (20100510121928)
  [4;36;1mSQL (0.7ms)[0m   [0;1mCREATE TABLE "users" ("id" INTEGER PRIMARY KEY AUTOINCREMENT NOT NULL, "name" varchar(255), "email" varchar(255), "created_at" datetime, "updated_at" datetime) [0m
  [4;35;1mSQL (0.1ms)[0m   [0mINSERT INTO schema_migrations (version) VALUES ('20100510121928')[0m
  [4;36;1mSQL (0.3ms)[0m   [0;1m SELECT name
 FROM sqlite_master
 WHERE type = 'table' AND NOT name = 'sqlite_sequence'
[0m
  [4;35;1mSQL (0.1ms)[0m   [0mSELECT version FROM schema_migrations[0m
  [4;36;1mSQL (0.2ms)[0m   [0;1m SELECT name
 FROM sqlite_master
 WHERE type = 'table' AND NOT name = 'sqlite_sequence'
[0m
  [4;35;1mSQL (0.0ms)[0m   [0mPRAGMA index_list("users")[0m


Processing UsersController#index (for 127.0.0.1 at 2010-05-10 08:23:03) [GET]
  [4;36;1mUser Load (0.4ms)[0m   [0;1mSELECT * FROM "users" [0m
Rendering template within layouts/users
Rendering users/index
Completed in 97ms (View: 78, DB: 0) | 200 OK [http://localhost/users]


Processing UsersController#new (for 127.0.0.1 at 2010-05-10 08:25:01) [GET]
Rendering template within layouts/users
Rendering users/new
Completed in 24ms (View: 20, DB: 0) | 200 OK [http://localhost/users/new]


Processing UsersController#index (for 127.0.0.1 at 2010-05-10 11:08:05) [GET]
  [4;35;1mUser Load (0.3ms)[0m   [0mSELECT * FROM "users" [0m
Rendering template within layouts/users
Rendering users/index
Completed in 5ms (View: 1, DB: 0) | 200 OK [http://localhost/users]


Processing UsersController#show (for 127.0.0.1 at 2010-05-10 11:08:15) [GET]
  Parameters: {"id"=>"1"}
  [4;36;1mUser Load (0.1ms)[0m   [0;1mSELECT * FROM "users" WHERE ("users"."id" = 1) [0m

ActiveRecord::RecordNotFound (Couldn't find User with ID=1):
  app/controllers/users_controller.rb:16:in `show'

Rendered rescues/_trace (43.7ms)
Rendered rescues/_request_and_response (1.2ms)
Rendering rescues/layout (not_found)


Processing UsersController#index (for 127.0.0.1 at 2010-05-11 18:05:19) [GET]
  [4;36;1mUser Load (0.4ms)[0m   [0;1mSELECT * FROM "users" [0m
Rendering template within layouts/users
Rendering users/index
Completed in 58ms (View: 53, DB: 0) | 200 OK [http://localhost/users]


Processing UsersController#new (for 127.0.0.1 at 2010-05-11 18:05:24) [GET]
Rendering template within layouts/users
Rendering users/new
Completed in 12ms (View: 8, DB: 0) | 200 OK [http://localhost/users/new]


Processing UsersController#create (for 127.0.0.1 at 2010-05-11 18:05:38) [POST]
  Parameters: {"commit"=>"Create", "authenticity_token"=>"PYY1QyZnF7lOmw787T648q34V+YackNioP2G9AgSyc4=", "user"=>{"name"=>"Justin", "email"=>"xixirixix@aim.com"}}
  [4;35;1mUser Create (0.6ms)[0m   [0mINSERT INTO "users" ("name", "created_at", "updated_at", "email") VALUES('Justin', '2010-05-11 22:05:38', '2010-05-11 22:05:38', 'xixirixix@aim.com')[0m
Redirected to http://localhost:3000/users/1
Completed in 9ms (DB: 1) | 302 Found [http://localhost/users]


Processing UsersController#show (for 127.0.0.1 at 2010-05-11 18:05:38) [GET]
  Parameters: {"id"=>"1"}
  [4;36;1mUser Load (0.2ms)[0m   [0;1mSELECT * FROM "users" WHERE ("users"."id" = 1) [0m
Rendering template within layouts/users
Rendering users/show
Completed in 331ms (View: 326, DB: 0) | 200 OK [http://localhost/users/1]


Processing UsersController#index (for 127.0.0.1 at 2010-05-11 18:05:51) [GET]
  [4;35;1mUser Load (0.4ms)[0m   [0mSELECT * FROM "users" [0m
Rendering template within layouts/users
Rendering users/index
Completed in 9ms (View: 5, DB: 0) | 200 OK [http://localhost/users]


Processing UsersController#show (for 127.0.0.1 at 2010-05-11 18:06:20) [GET]
  Parameters: {"id"=>"1"}
  [4;36;1mUser Load (0.2ms)[0m   [0;1mSELECT * FROM "users" WHERE ("users"."id" = 1) [0m
Rendering template within layouts/users
Rendering users/show
Completed in 7ms (View: 2, DB: 0) | 200 OK [http://localhost/users/1]


Processing UsersController#index (for 127.0.0.1 at 2010-05-11 18:06:22) [GET]
  [4;35;1mUser Load (0.4ms)[0m   [0mSELECT * FROM "users" [0m
Rendering template within layouts/users
Rendering users/index
Completed in 9ms (View: 5, DB: 0) | 200 OK [http://localhost/users]


Processing UsersController#show (for 127.0.0.1 at 2010-05-11 18:06:41) [GET]
  Parameters: {"id"=>"1"}
  [4;36;1mUser Load (0.2ms)[0m   [0;1mSELECT * FROM "users" WHERE ("users"."id" = 1) [0m
Rendering template within layouts/users
Rendering users/show
Completed in 7ms (View: 2, DB: 0) | 200 OK [http://localhost/users/1]


Processing UsersController#index (for 127.0.0.1 at 2010-05-11 18:16:53) [GET]
  [4;35;1mUser Load (0.4ms)[0m   [0mSELECT * FROM "users" [0m
Rendering template within layouts/users
Rendering users/index
Completed in 10ms (View: 6, DB: 0) | 200 OK [http://localhost/users]


Processing UsersController#new (for 127.0.0.1 at 2010-05-11 18:16:56) [GET]
Rendering template within layouts/users
Rendering users/new
Completed in 8ms (View: 4, DB: 0) | 200 OK [http://localhost/users/new]


Processing UsersController#create (for 127.0.0.1 at 2010-05-11 18:17:09) [POST]
  Parameters: {"commit"=>"Create", "authenticity_token"=>"PYY1QyZnF7lOmw787T648q34V+YackNioP2G9AgSyc4=", "user"=>{"name"=>"Baner", "email"=>"baner@baner.com"}}
  [4;36;1mUser Create (0.3ms)[0m   [0;1mINSERT INTO "users" ("name", "created_at", "updated_at", "email") VALUES('Baner', '2010-05-11 22:17:09', '2010-05-11 22:17:09', 'baner@baner.com')[0m
Redirected to http://localhost:3000/users/2
Completed in 8ms (DB: 0) | 302 Found [http://localhost/users]


Processing UsersController#show (for 127.0.0.1 at 2010-05-11 18:17:09) [GET]
  Parameters: {"id"=>"2"}
  [4;35;1mUser Load (0.2ms)[0m   [0mSELECT * FROM "users" WHERE ("users"."id" = 2) [0m
Rendering template within layouts/users
Rendering users/show
Completed in 7ms (View: 2, DB: 0) | 200 OK [http://localhost/users/2]


Processing UsersController#index (for 127.0.0.1 at 2010-05-11 18:17:13) [GET]
  [4;36;1mUser Load (0.5ms)[0m   [0;1mSELECT * FROM "users" [0m
Rendering template within layouts/users
Rendering users/index
Completed in 11ms (View: 7, DB: 0) | 200 OK [http://localhost/users]


Processing UsersController#show (for 127.0.0.1 at 2010-05-12 12:27:22) [GET]
  Parameters: {"id"=>"1"}
  [4;35;1mUser Load (0.2ms)[0m   [0mSELECT * FROM "users" WHERE ("users"."id" = 1) [0m
Rendering template within layouts/users
Rendering users/show
Completed in 7ms (View: 2, DB: 0) | 200 OK [http://localhost/users/1]


Processing UsersController#index (for 127.0.0.1 at 2010-05-12 12:27:25) [GET]
  [4;36;1mUser Load (0.5ms)[0m   [0;1mSELECT * FROM "users" [0m
Rendering template within layouts/users
Rendering users/index
Completed in 11ms (View: 7, DB: 0) | 200 OK [http://localhost/users]
  [4;36;1mSQL (0.4ms)[0m   [0;1m SELECT name
 FROM sqlite_master
 WHERE type = 'table' AND NOT name = 'sqlite_sequence'
[0m
  [4;35;1mSQL (0.1ms)[0m   [0mSELECT version FROM schema_migrations[0m
Migrating to CreateUsers (20100510121928)
Migrating to CreateMicroposts (20100512163538)
  [4;36;1mSQL (0.1ms)[0m   [0;1mselect sqlite_version(*)[0m
  [4;35;1mSQL (0.4ms)[0m   [0mCREATE TABLE "microposts" ("id" INTEGER PRIMARY KEY AUTOINCREMENT NOT NULL, "content" varchar(255), "user_id" integer, "created_at" datetime, "updated_at" datetime) [0m
  [4;36;1mSQL (0.1ms)[0m   [0;1mINSERT INTO schema_migrations (version) VALUES ('20100512163538')[0m
  [4;35;1mSQL (0.3ms)[0m   [0m SELECT name
 FROM sqlite_master
 WHERE type = 'table' AND NOT name = 'sqlite_sequence'
[0m
  [4;36;1mSQL (0.1ms)[0m   [0;1mSELECT version FROM schema_migrations[0m
  [4;35;1mSQL (0.2ms)[0m   [0m SELECT name
 FROM sqlite_master
 WHERE type = 'table' AND NOT name = 'sqlite_sequence'
[0m
  [4;36;1mSQL (0.1ms)[0m   [0;1mPRAGMA index_list("microposts")[0m
  [4;35;1mSQL (0.0ms)[0m   [0mPRAGMA index_list("users")[0m


Processing UsersController#index (for 127.0.0.1 at 2010-05-12 12:37:57) [GET]
  [4;36;1mUser Load (0.5ms)[0m   [0;1mSELECT * FROM "users" [0m
Rendering template within layouts/users
Rendering users/index
Completed in 74ms (View: 70, DB: 1) | 200 OK [http://localhost/users]


Processing ApplicationController#index (for 127.0.0.1 at 2010-05-12 12:38:11) [GET]

ActionController::RoutingError (No route matches "/micropost" with {:method=>:get}):
  

Rendering rescues/layout (not_found)


Processing MicropostsController#index (for 127.0.0.1 at 2010-05-12 12:38:18) [GET]
  [4;35;1mMicropost Load (0.4ms)[0m   [0mSELECT * FROM "microposts" [0m
Rendering template within layouts/microposts
Rendering microposts/index
Completed in 15ms (View: 11, DB: 0) | 200 OK [http://localhost/microposts]


Processing MicropostsController#new (for 127.0.0.1 at 2010-05-12 12:38:41) [GET]
Rendering template within layouts/microposts
Rendering microposts/new
Completed in 12ms (View: 8, DB: 0) | 200 OK [http://localhost/microposts/new]


Processing MicropostsController#create (for 127.0.0.1 at 2010-05-12 12:39:00) [POST]
  Parameters: {"commit"=>"Create", "micropost"=>{"user_id"=>"1", "content"=>"This is my first test micropost"}, "authenticity_token"=>"PYY1QyZnF7lOmw787T648q34V+YackNioP2G9AgSyc4="}
  [4;36;1mMicropost Create (0.8ms)[0m   [0;1mINSERT INTO "microposts" ("created_at", "updated_at", "user_id", "content") VALUES('2010-05-12 16:39:00', '2010-05-12 16:39:00', 1, 'This is my first test micropost')[0m
Redirected to http://localhost:3000/microposts/1
Completed in 12ms (DB: 1) | 302 Found [http://localhost/microposts]


Processing MicropostsController#show (for 127.0.0.1 at 2010-05-12 12:39:00) [GET]
  Parameters: {"id"=>"1"}
  [4;35;1mMicropost Load (0.2ms)[0m   [0mSELECT * FROM "microposts" WHERE ("microposts"."id" = 1) [0m
Rendering template within layouts/microposts
Rendering microposts/show
Completed in 11ms (View: 6, DB: 0) | 200 OK [http://localhost/microposts/1]


Processing MicropostsController#index (for 127.0.0.1 at 2010-05-12 12:39:03) [GET]
  [4;36;1mMicropost Load (0.4ms)[0m   [0;1mSELECT * FROM "microposts" [0m
Rendering template within layouts/microposts
Rendering microposts/index
Completed in 9ms (View: 5, DB: 0) | 200 OK [http://localhost/microposts]


Processing MicropostsController#new (for 127.0.0.1 at 2010-05-12 12:39:06) [GET]
Rendering template within layouts/microposts
Rendering microposts/new
Completed in 8ms (View: 4, DB: 0) | 200 OK [http://localhost/microposts/new]


Processing MicropostsController#create (for 127.0.0.1 at 2010-05-12 12:39:24) [POST]
  Parameters: {"commit"=>"Create", "micropost"=>{"user_id"=>"2", "content"=>"Test Micropost 2 by me for Baner"}, "authenticity_token"=>"PYY1QyZnF7lOmw787T648q34V+YackNioP2G9AgSyc4="}
  [4;35;1mMicropost Create (0.4ms)[0m   [0mINSERT INTO "microposts" ("created_at", "updated_at", "user_id", "content") VALUES('2010-05-12 16:39:24', '2010-05-12 16:39:24', 2, 'Test Micropost 2 by me for Baner')[0m
Redirected to http://localhost:3000/microposts/2
Completed in 9ms (DB: 0) | 302 Found [http://localhost/microposts]


Processing MicropostsController#show (for 127.0.0.1 at 2010-05-12 12:39:24) [GET]
  Parameters: {"id"=>"2"}
  [4;36;1mMicropost Load (0.2ms)[0m   [0;1mSELECT * FROM "microposts" WHERE ("microposts"."id" = 2) [0m
Rendering template within layouts/microposts
Rendering microposts/show
Completed in 7ms (View: 2, DB: 0) | 200 OK [http://localhost/microposts/2]


Processing MicropostsController#index (for 127.0.0.1 at 2010-05-12 12:42:27) [GET]
  [4;35;1mSQL (0.4ms)[0m   [0m SELECT name
 FROM sqlite_master
 WHERE type = 'table' AND NOT name = 'sqlite_sequence'
[0m
  [4;36;1mSQL (0.2ms)[0m   [0;1m SELECT name
 FROM sqlite_master
 WHERE type = 'table' AND NOT name = 'sqlite_sequence'
[0m

NoMethodError (undefined method `validate_length_of' for #<Class:0x101df7800>):
  app/models/micropost.rb:2
  app/controllers/microposts_controller.rb:5:in `index'

Rendered rescues/_trace (98.0ms)
Rendered rescues/_request_and_response (1.1ms)
Rendering rescues/layout (internal_server_error)


Processing MicropostsController#index (for 127.0.0.1 at 2010-05-12 12:43:42) [GET]
  [4;35;1mMicropost Load (0.5ms)[0m   [0mSELECT * FROM "microposts" [0m
Rendering template within layouts/microposts
Rendering microposts/index
Completed in 12ms (View: 8, DB: 0) | 200 OK [http://localhost/microposts]


Processing MicropostsController#new (for 127.0.0.1 at 2010-05-12 12:43:48) [GET]
Rendering template within layouts/microposts
Rendering microposts/new
Completed in 8ms (View: 4, DB: 0) | 200 OK [http://localhost/microposts/new]


Processing MicropostsController#create (for 127.0.0.1 at 2010-05-12 12:44:44) [POST]
  Parameters: {"commit"=>"Create", "micropost"=>{"user_id"=>"2", "content"=>"Test test test wow how many characters can I type up in here.  I mean seriously how many"}, "authenticity_token"=>"PYY1QyZnF7lOmw787T648q34V+YackNioP2G9AgSyc4="}
  [4;36;1mMicropost Create (0.6ms)[0m   [0;1mINSERT INTO "microposts" ("created_at", "updated_at", "user_id", "content") VALUES('2010-05-12 16:44:44', '2010-05-12 16:44:44', 2, 'Test test test wow how many characters can I type up in here. I mean seriously how many')[0m
Redirected to http://localhost:3000/microposts/3
Completed in 9ms (DB: 1) | 302 Found [http://localhost/microposts]


Processing MicropostsController#show (for 127.0.0.1 at 2010-05-12 12:44:44) [GET]
  Parameters: {"id"=>"3"}
  [4;35;1mMicropost Load (0.2ms)[0m   [0mSELECT * FROM "microposts" WHERE ("microposts"."id" = 3) [0m
Rendering template within layouts/microposts
Rendering microposts/show
Completed in 7ms (View: 2, DB: 0) | 200 OK [http://localhost/microposts/3]


Processing MicropostsController#index (for 127.0.0.1 at 2010-05-12 12:44:55) [GET]
  [4;36;1mMicropost Load (0.5ms)[0m   [0;1mSELECT * FROM "microposts" [0m
Rendering template within layouts/microposts
Rendering microposts/index
Completed in 15ms (View: 10, DB: 1) | 200 OK [http://localhost/microposts]


Processing MicropostsController#new (for 127.0.0.1 at 2010-05-12 12:45:11) [GET]
Rendering template within layouts/microposts
Rendering microposts/new
Completed in 54ms (View: 49, DB: 0) | 200 OK [http://localhost/microposts/new]


Processing MicropostsController#create (for 127.0.0.1 at 2010-05-12 12:45:25) [POST]
  Parameters: {"commit"=>"Create", "micropost"=>{"user_id"=>"1", "content"=>"Test test test wow how many characters can I type up in here. I mean seriously how many Test test test wow how many characters can I type up in here. I mean seriously how many"}, "authenticity_token"=>"PYY1QyZnF7lOmw787T648q34V+YackNioP2G9AgSyc4="}
Rendering template within layouts/microposts
Rendering microposts/new
Completed in 15ms (View: 8, DB: 0) | 200 OK [http://localhost/microposts]
  [4;36;1mUser Load (0.4ms)[0m   [0;1mSELECT * FROM "users" LIMIT 1[0m
  [4;35;1mMicropost Load (0.3ms)[0m   [0mSELECT * FROM "microposts" WHERE ("microposts".user_id = 1) [0m
